<?xml version="1.0" encoding="UTF-8"?>
<testng-results ignored="0" total="1" passed="1" failed="0" skipped="0">
  <reporter-output>
  </reporter-output>
  <suite started-at="2024-06-19T12:29:45 IST" name="Default suite" finished-at="2024-06-19T12:29:46 IST" duration-ms="1103">
    <groups>
    </groups>
    <test started-at="2024-06-19T12:29:45 IST" name="Default test" finished-at="2024-06-19T12:29:46 IST" duration-ms="1103">
      <class name="ComplexJsonParse2">
        <test-method signature="coursesSum()[pri:0, instance:ComplexJsonParse2@1de76cc7]" started-at="2024-06-19T12:29:45 IST" name="coursesSum" finished-at="2024-06-19T12:29:46 IST" duration-ms="1066" status="PASS">
          <reporter-output>
          </reporter-output>
        </test-method> <!-- coursesSum -->
      </class> <!-- ComplexJsonParse2 -->
    </test> <!-- Default test -->
  </suite> <!-- Default suite -->
</testng-results>
